c:\users\alex\source\repos\project\project\x64\debug\vc143.pdb
c:\users\alex\source\repos\project\project\x64\debug\vc143.idb
c:\users\alex\source\repos\project\project\x64\debug\tiny_obj_loader.obj
c:\users\alex\source\repos\project\project\x64\debug\stb_image.obj
c:\users\alex\source\repos\project\project\x64\debug\shader.obj
c:\users\alex\source\repos\project\project\x64\debug\model3d.obj
c:\users\alex\source\repos\project\project\x64\debug\mesh.obj
c:\users\alex\source\repos\project\project\x64\debug\main.obj
c:\users\alex\source\repos\project\project\x64\debug\camera.obj
c:\users\alex\source\repos\project\project\x64\debug\skybox.obj
c:\users\alex\source\repos\project\x64\debug\project.exe
c:\users\alex\source\repos\project\x64\debug\project.pdb
c:\users\alex\source\repos\project\project\x64\debug\project.ilk
c:\users\alex\source\repos\project\project\x64\debug\project.tlog\cl.command.1.tlog
c:\users\alex\source\repos\project\project\x64\debug\project.tlog\cl.items.tlog
c:\users\alex\source\repos\project\project\x64\debug\project.tlog\cl.read.1.tlog
c:\users\alex\source\repos\project\project\x64\debug\project.tlog\cl.write.1.tlog
c:\users\alex\source\repos\project\project\x64\debug\project.tlog\link.command.1.tlog
c:\users\alex\source\repos\project\project\x64\debug\project.tlog\link.read.1.tlog
c:\users\alex\source\repos\project\project\x64\debug\project.tlog\link.secondary.1.tlog
c:\users\alex\source\repos\project\project\x64\debug\project.tlog\link.write.1.tlog
